<?xml version="1.0" encoding="UTF-8"?>
<!-- Generated by org.testng.reporters.JUnitReportReporter -->
<testsuite hostname="NOORIs-MacBook-Pro.local" failures="0" tests="5" name="testNGPackage.TestNG4" time="0.014" errors="0" timestamp="2024-01-31T15:01:42 IST" skipped="2">
  <testcase classname="testNGPackage.TestNG4" name="c" time="0.011"/>
  <system-out/>
  <testcase classname="testNGPackage.TestNG4" name="d" time="0.001"/>
  <system-out/>
  <testcase classname="testNGPackage.TestNG4" name="f" time="0.001">
    <skipped/>
  </testcase> <!-- f -->
  <system-out/>
  <testcase classname="testNGPackage.TestNG4" name="d" time="0.001"/>
  <system-out/>
  <testcase classname="testNGPackage.TestNG4" name="b">
    <skipped/>
  </testcase> <!-- b -->
  <system-out/>
</testsuite> <!-- testNGPackage.TestNG4 -->
