<?xml version="1.0" encoding="UTF-8"?>
<!-- Generated by org.testng.reporters.JUnitReportReporter -->
<testsuite hostname="NOORIs-MacBook-Pro.local" failures="0" tests="4" name="testNGPackage.TestNG2" time="0.016" errors="0" timestamp="2024-01-31T14:41:54 IST" skipped="0">
  <testcase classname="testNGPackage.TestNG2" name="a3" time="0.001"/>
  <system-out/>
  <testcase classname="testNGPackage.TestNG2" name="ab" time="0.002"/>
  <system-out/>
  <testcase classname="testNGPackage.TestNG2" name="z" time="0.001"/>
  <system-out/>
  <testcase classname="testNGPackage.TestNG2" name="a1" time="0.012"/>
  <system-out/>
</testsuite> <!-- testNGPackage.TestNG2 -->
