<?xml version="1.0" encoding="UTF-8"?>
<!-- Generated by org.testng.reporters.JUnitReportReporter -->
<testsuite hostname="NOORIs-MacBook-Pro.local" failures="0" tests="4" name="testNGPackage.TestNG3" time="0.011" errors="0" timestamp="2024-01-31T14:45:35 IST" skipped="0">
  <testcase classname="testNGPackage.TestNG3" name="a" time="0.006"/>
  <system-out/>
  <testcase classname="testNGPackage.TestNG3" name="d" time="0.002"/>
  <system-out/>
  <testcase classname="testNGPackage.TestNG3" name="c" time="0.002"/>
  <system-out/>
  <testcase classname="testNGPackage.TestNG3" name="b" time="0.001"/>
  <system-out/>
</testsuite> <!-- testNGPackage.TestNG3 -->
