<?xml version="1.0" encoding="UTF-8"?>
<!-- Generated by org.testng.reporters.JUnitReportReporter -->
<testsuite hostname="NOORIs-MacBook-Pro.local" failures="0" tests="2" name="com.group.TestNG.NewTest1" time="0.012" errors="0" timestamp="2024-01-31T17:00:40 IST" skipped="0">
  <testcase classname="com.group.TestNG.NewTest1" name="test1" time="0.011"/>
  <system-out/>
  <testcase classname="com.group.TestNG.NewTest1" name="test2" time="0.001"/>
  <system-out/>
</testsuite> <!-- com.group.TestNG.NewTest1 -->
