<?xml version="1.0" encoding="UTF-8"?>
<!-- Generated by org.testng.reporters.JUnitReportReporter -->
<testsuite hostname="NOORIs-MacBook-Pro.local" failures="0" tests="1" name="testNGPackage.TakeScreenshotOnSuccess2" time="26.024" errors="0" timestamp="2023-12-18T14:16:33 IST" skipped="0">
  <testcase classname="testNGPackage.TakeScreenshotOnSuccess2" name="doLogin" time="26.024"/>
  <system-out/>
</testsuite> <!-- testNGPackage.TakeScreenshotOnSuccess2 -->
