<?xml version="1.0" encoding="UTF-8"?>
<!-- Generated by org.testng.reporters.JUnitReportReporter -->
<testsuite hostname="NOORIs-MacBook-Pro.local" failures="0" tests="1" name="testNGPackage.Assertion1" time="5.222" errors="0" timestamp="2023-12-18T19:42:47 IST" skipped="0">
  <testcase classname="testNGPackage.Assertion1" name="testCase1" time="5.222"/>
  <system-out/>
</testsuite> <!-- testNGPackage.Assertion1 -->
