<?xml version="1.0" encoding="UTF-8"?>
<!-- Generated by org.testng.reporters.JUnitReportReporter -->
<testsuite hostname="NOORIs-MacBook-Pro.local" failures="0" tests="4" name="testNGPackage.TestNG5" time="0.014" errors="0" timestamp="2024-01-31T15:03:19 IST" skipped="1">
  <testcase classname="testNGPackage.TestNG5" name="c" time="0.006"/>
  <system-out/>
  <testcase classname="testNGPackage.TestNG5" name="a" time="0.007"/>
  <system-out/>
  <testcase classname="testNGPackage.TestNG5" name="c" time="0.001"/>
  <system-out/>
  <testcase classname="testNGPackage.TestNG5" name="b">
    <skipped/>
  </testcase> <!-- b -->
  <system-out/>
</testsuite> <!-- testNGPackage.TestNG5 -->
