<?xml version="1.0" encoding="UTF-8"?>
<!-- Generated by org.testng.reporters.JUnitReportReporter -->
<testsuite hostname="NOORIs-MacBook-Pro.local" failures="0" tests="4" name="beforeAfterGroupsTestNG.Test1" time="0.014" errors="0" timestamp="2024-01-31T17:43:20 IST" skipped="0">
  <testcase classname="beforeAfterGroupsTestNG.Test1" name="a1" time="0.008"/>
  <system-out/>
  <testcase classname="beforeAfterGroupsTestNG.Test1" name="a2" time="0.002"/>
  <system-out/>
  <testcase classname="beforeAfterGroupsTestNG.Test1" name="a4" time="0.003"/>
  <system-out/>
  <testcase classname="beforeAfterGroupsTestNG.Test1" name="a3" time="0.001"/>
  <system-out/>
</testsuite> <!-- beforeAfterGroupsTestNG.Test1 -->
