<?xml version="1.0" encoding="UTF-8"?>
<!-- Generated by org.testng.reporters.JUnitReportReporter -->
<testsuite hostname="NOORIs-MacBook-Pro.local" failures="0" tests="4" name="testNGPackage.TestNG1" time="0.019" errors="0" timestamp="2024-01-31T14:25:52 IST" skipped="0">
  <testcase classname="testNGPackage.TestNG1" name="a2" time="0.003"/>
  <system-out/>
  <testcase classname="testNGPackage.TestNG1" name="a1" time="0.011"/>
  <system-out/>
  <testcase classname="testNGPackage.TestNG1" name="a3" time="0.002"/>
  <system-out/>
  <testcase classname="testNGPackage.TestNG1" name="a4" time="0.003"/>
  <system-out/>
</testsuite> <!-- testNGPackage.TestNG1 -->
