<?xml version="1.0" encoding="UTF-8"?>
<!-- Generated by org.testng.reporters.JUnitReportReporter -->
<testsuite hostname="NOORIs-MacBook-Pro.local" failures="0" tests="3" name="testNGPackage.TestNG7" time="24.978" errors="0" timestamp="2024-01-31T15:32:59 IST" skipped="0">
  <testcase classname="testNGPackage.TestNG7" name="enterData" time="8.382"/>
  <system-out/>
  <testcase classname="testNGPackage.TestNG7" name="enterData" time="8.283"/>
  <system-out/>
  <testcase classname="testNGPackage.TestNG7" name="enterData" time="8.313"/>
  <system-out/>
</testsuite> <!-- testNGPackage.TestNG7 -->
