<?xml version="1.0" encoding="UTF-8"?>
<!-- Generated by org.testng.reporters.JUnitReportReporter -->
<testsuite hostname="NOORIs-MacBook-Pro.local" failures="0" tests="1" name="com.group.TestNG.NewTest2" time="0.001" errors="0" timestamp="2024-01-31T17:00:40 IST" skipped="0">
  <testcase classname="com.group.TestNG.NewTest2" name="test5" time="0.001"/>
  <system-out/>
</testsuite> <!-- com.group.TestNG.NewTest2 -->
