<?xml version="1.0" encoding="UTF-8"?>
<!-- Generated by org.testng.reporters.JUnitReportReporter -->
<testsuite hostname="NOORIs-MacBook-Pro.local" failures="0" tests="1" name="selenium.excel2" time="0.009" errors="0" timestamp="2023-12-13T17:43:22 IST" skipped="0">
  <testcase classname="selenium.excel2" name="CopyOneWBookToOther" time="0.009"/>
  <system-out/>
</testsuite> <!-- selenium.excel2 -->
