<?xml version="1.0" encoding="UTF-8"?>
<!-- Generated by org.testng.reporters.JUnitReportReporter -->
<testsuite hostname="NOORIs-MacBook-Pro.local" failures="0" tests="1" name="com.facebook.tests.LoginTest" time="51.005" errors="0" timestamp="2023-12-29T13:24:59 IST" skipped="0">
  <testcase classname="com.facebook.tests.LoginTest" name="loginTest" time="51.005"/>
  <system-out/>
</testsuite> <!-- com.facebook.tests.LoginTest -->
